#
# There is insufficient memory for the Java Runtime Environment to continue.
# Native memory allocation (malloc) failed to allocate 32744 bytes for ChunkPool::allocate
# Possible reasons:
#   The system is out of physical RAM or swap space
#   The process is running with CompressedOops enabled, and the Java Heap may be blocking the growth of the native heap
# Possible solutions:
#   Reduce memory load on the system
#   Increase physical memory or swap space
#   Check if swap backing store is full
#   Decrease Java heap size (-Xmx/-Xms)
#   Decrease number of Java threads
#   Decrease Java thread stack sizes (-Xss)
#   Set larger code cache with -XX:ReservedCodeCacheSize=
#   JVM is running with Unscaled Compressed Oops mode in which the Java heap is
#     placed in the first 4GB address space. The Java Heap base address is the
#     maximum limit for the native heap growth. Please use -XX:HeapBaseMinAddress
#     to set the Java Heap base and to place the Java Heap above 4GB virtual address.
# This output file may be truncated or incomplete.
#
#  Out of Memory Error (arena.cpp:79), pid=15620, tid=20884
#
# JRE version: OpenJDK Runtime Environment JBR-17.0.9+7-1087.11-jcef (17.0.9+7) (build 17.0.9+7-b1087.11)
# Java VM: OpenJDK 64-Bit Server VM JBR-17.0.9+7-1087.11-jcef (17.0.9+7-b1087.11, mixed mode, tiered, compressed oops, compressed class ptrs, g1 gc, windows-amd64)
# No core dump will be written. Minidumps are not enabled by default on client versions of Windows
#

---------------  S U M M A R Y ------------

Command Line: git4idea.http.GitAskPassApp Username for 'https://github.com': 

Host: Intel(R) Pentium(R) CPU G2020 @ 2.90GHz, 2 cores, 3G,  Windows 10 , 64 bit Build 19041 (10.0.19041.3636)
Time: Sat Feb 10 22:21:10 2024 RTZ 9 (s 10 , 64 bit Build 19041 (10.0.19041.3636) elapsed time: 11.671454 seconds (0d 0h 0m 11s)

---------------  T H R E A D  ---------------

Current thread (0x000001edf8052170):  JavaThread "C2 CompilerThread0" daemon [_thread_in_native, id=20884, stack(0x00000073f9e00000,0x00000073f9f00000)]


Current CompileTask:
C2:  11671  846   !   4       java.util.concurrent.ConcurrentHashMap::putVal (432 bytes)

Stack: [0x00000073f9e00000,0x00000073f9f00000]
Native frames: (J=compiled Java code, j=interpreted, Vv=VM code, C=native code)
V  [jvm.dll+0x688349]
V  [jvm.dll+0x841bfa]
V  [jvm.dll+0x84383e]
V  [jvm.dll+0x843ea3]
V  [jvm.dll+0x24bdef]
V  [jvm.dll+0xac66c]
V  [jvm.dll+0xaca9c]
V  [jvm.dll+0x11fe18]
V  [jvm.dll+0x6b1d89]
V  [jvm.dll+0x1be6ee]
V  [jvm.dll+0x21dbb9]
V  [jvm.dll+0x21ce81]
V  [jvm.dll+0x1a66dd]
V  [jvm.dll+0x22cd28]
V  [jvm.dll+0x22ae60]
V  [jvm.dll+0x7f6087]
V  [jvm.dll+0x7f043a]
V  [jvm.dll+0x6871c5]
C  [ucrtbase.dll+0x21bb2]
C  [KERNEL32.DLL+0x17344]
C  [ntdll.dll+0x526b1]


---------------  P R O C E S S  ---------------

Threads class SMR info:
_java_thread_list=0x000001edf8534030, length=14, elements={
0x000001ede12d9770, 0x000001edf7ff8c50, 0x000001edf7ffbae0, 0x000001edf80296d0,
0x000001edf804e3c0, 0x000001edf8050ca0, 0x000001edf8051570, 0x000001edf8052170,
0x000001edf808c400, 0x000001edf808ea20, 0x000001edf8410010, 0x000001edf8415bc0,
0x000001edf86af1c0, 0x000001edf835ab30
}

Java Threads: ( => current thread )
  0x000001ede12d9770 JavaThread "main" [_thread_in_vm, id=616, stack(0x00000073f9100000,0x00000073f9200000)]
  0x000001edf7ff8c50 JavaThread "Reference Handler" daemon [_thread_blocked, id=15452, stack(0x00000073f9800000,0x00000073f9900000)]
  0x000001edf7ffbae0 JavaThread "Finalizer" daemon [_thread_blocked, id=8172, stack(0x00000073f9900000,0x00000073f9a00000)]
  0x000001edf80296d0 JavaThread "Signal Dispatcher" daemon [_thread_blocked, id=18852, stack(0x00000073f9a00000,0x00000073f9b00000)]
  0x000001edf804e3c0 JavaThread "Attach Listener" daemon [_thread_blocked, id=1804, stack(0x00000073f9b00000,0x00000073f9c00000)]
  0x000001edf8050ca0 JavaThread "Service Thread" daemon [_thread_blocked, id=5644, stack(0x00000073f9c00000,0x00000073f9d00000)]
  0x000001edf8051570 JavaThread "Monitor Deflation Thread" daemon [_thread_blocked, id=9040, stack(0x00000073f9d00000,0x00000073f9e00000)]
=>0x000001edf8052170 JavaThread "C2 CompilerThread0" daemon [_thread_in_native, id=20884, stack(0x00000073f9e00000,0x00000073f9f00000)]
  0x000001edf808c400 JavaThread "C1 CompilerThread0" daemon [_thread_in_native, id=8496, stack(0x00000073f9f00000,0x00000073fa000000)]
  0x000001edf808ea20 JavaThread "Sweeper thread" daemon [_thread_blocked, id=16932, stack(0x00000073fa000000,0x00000073fa100000)]
  0x000001edf8410010 JavaThread "Notification Thread" daemon [_thread_blocked, id=10652, stack(0x00000073fa100000,0x00000073fa200000)]
  0x000001edf8415bc0 JavaThread "Common-Cleaner" daemon [_thread_blocked, id=10252, stack(0x00000073fa300000,0x00000073fa400000)]
  0x000001edf86af1c0 JavaThread "HttpClient-1-SelectorManager" daemon [_thread_in_native, id=10596, stack(0x00000073fa500000,0x00000073fa600000)]
  0x000001edf835ab30 JavaThread "HttpClient-1-Worker-0" daemon [_thread_new, id=20132, stack(0x0000000000000000,0x0000000000000000)]

Other Threads:
  0x000001ede138f430 VMThread "VM Thread" [stack: 0x00000073f9700000,0x00000073f9800000] [id=12116]
  0x000001edf8414910 WatcherThread [stack: 0x00000073fa200000,0x00000073fa300000] [id=17364]
  0x000001ede1313720 GCTaskThread "GC Thread#0" [stack: 0x00000073f9200000,0x00000073f9300000] [id=3288]
  0x000001edf86e2010 GCTaskThread "GC Thread#1" [stack: 0x00000073fa400000,0x00000073fa500000] [id=13904]
  0x000001ede131c2f0 ConcurrentGCThread "G1 Main Marker" [stack: 0x00000073f9300000,0x00000073f9400000] [id=11112]
  0x000001ede131cd10 ConcurrentGCThread "G1 Conc#0" [stack: 0x00000073f9400000,0x00000073f9500000] [id=14272]
  0x000001ede1364580 ConcurrentGCThread "G1 Refine#0" [stack: 0x00000073f9500000,0x00000073f9600000] [id=7828]
  0x000001ede1364fb0 ConcurrentGCThread "G1 Service" [stack: 0x00000073f9600000,0x00000073f9700000] [id=6108]

Threads with active compile tasks:
C2 CompilerThread0    11705  846   !   4       java.util.concurrent.ConcurrentHashMap::putVal (432 bytes)
C1 CompilerThread0    11705  861   !   3       java.util.concurrent.ConcurrentHashMap::computeIfAbsent (576 bytes)

VM state: not at safepoint (normal execution)

VM Mutex/Monitor currently owned by a thread: None

Heap address: 0x00000000c1c00000, size: 996 MB, Compressed Oops mode: 32-bit

CDS archive(s) not mapped
Compressed class space mapped at: 0x0000000100000000-0x0000000140000000, reserved size: 1073741824
Narrow klass base: 0x0000000000000000, Narrow klass shift: 3, Narrow klass range: 0x140000000

GC Precious Log:
 CPUs: 2 total, 2 available
 Memory: 3982M
 Large Page Support: Disabled
 NUMA Support: Disabled
 Compressed Oops: Enabled (32-bit)
 Heap Region Size: 1M
 Heap Min Capacity: 8M
 Heap Initial Capacity: 64M
 Heap Max Capacity: 996M
 Pre-touch: Disabled
 Parallel Workers: 2
 Concurrent Workers: 1
 Concurrent Refinement Workers: 2
 Periodic GC: Disabled

Heap:
 garbage-first heap   total 65536K, used 4884K [0x00000000c1c00000, 0x0000000100000000)
  region size 1024K, 5 young (5120K), 1 survivors (1024K)
 Metaspace       used 13934K, committed 14144K, reserved 1114112K
  class space    used 1393K, committed 1472K, reserved 1048576K

Heap Regions: E=young(eden), S=young(survivor), O=old, HS=humongous(starts), HC=humongous(continues), CS=collection set, F=free, OA=open archive, CA=closed archive, TAMS=top-at-mark-start (previous, next)
|   0|0x00000000c1c00000, 0x00000000c1cc5200, 0x00000000c1d00000| 77%| O|  |TAMS 0x00000000c1c00000, 0x00000000c1c00000| Untracked 
|   1|0x00000000c1d00000, 0x00000000c1d00000, 0x00000000c1e00000|  0%| F|  |TAMS 0x00000000c1d00000, 0x00000000c1d00000| Untracked 
|   2|0x00000000c1e00000, 0x00000000c1e00000, 0x00000000c1f00000|  0%| F|  |TAMS 0x00000000c1e00000, 0x00000000c1e00000| Untracked 
|   3|0x00000000c1f00000, 0x00000000c1f00000, 0x00000000c2000000|  0%| F|  |TAMS 0x00000000c1f00000, 0x00000000c1f00000| Untracked 
|   4|0x00000000c2000000, 0x00000000c2000000, 0x00000000c2100000|  0%| F|  |TAMS 0x00000000c2000000, 0x00000000c2000000| Untracked 
|   5|0x00000000c2100000, 0x00000000c2100000, 0x00000000c2200000|  0%| F|  |TAMS 0x00000000c2100000, 0x00000000c2100000| Untracked 
|   6|0x00000000c2200000, 0x00000000c2200000, 0x00000000c2300000|  0%| F|  |TAMS 0x00000000c2200000, 0x00000000c2200000| Untracked 
|   7|0x00000000c2300000, 0x00000000c2300000, 0x00000000c2400000|  0%| F|  |TAMS 0x00000000c2300000, 0x00000000c2300000| Untracked 
|   8|0x00000000c2400000, 0x00000000c2400000, 0x00000000c2500000|  0%| F|  |TAMS 0x00000000c2400000, 0x00000000c2400000| Untracked 
|   9|0x00000000c2500000, 0x00000000c2500000, 0x00000000c2600000|  0%| F|  |TAMS 0x00000000c2500000, 0x00000000c2500000| Untracked 
|  10|0x00000000c2600000, 0x00000000c2600000, 0x00000000c2700000|  0%| F|  |TAMS 0x00000000c2600000, 0x00000000c2600000| Untracked 
|  11|0x00000000c2700000, 0x00000000c2700000, 0x00000000c2800000|  0%| F|  |TAMS 0x00000000c2700000, 0x00000000c2700000| Untracked 
|  12|0x00000000c2800000, 0x00000000c2800000, 0x00000000c2900000|  0%| F|  |TAMS 0x00000000c2800000, 0x00000000c2800000| Untracked 
|  13|0x00000000c2900000, 0x00000000c2900000, 0x00000000c2a00000|  0%| F|  |TAMS 0x00000000c2900000, 0x00000000c2900000| Untracked 
|  14|0x00000000c2a00000, 0x00000000c2a00000, 0x00000000c2b00000|  0%| F|  |TAMS 0x00000000c2a00000, 0x00000000c2a00000| Untracked 
|  15|0x00000000c2b00000, 0x00000000c2b00000, 0x00000000c2c00000|  0%| F|  |TAMS 0x00000000c2b00000, 0x00000000c2b00000| Untracked 
|  16|0x00000000c2c00000, 0x00000000c2c00000, 0x00000000c2d00000|  0%| F|  |TAMS 0x00000000c2c00000, 0x00000000c2c00000| Untracked 
|  17|0x00000000c2d00000, 0x00000000c2d00000, 0x00000000c2e00000|  0%| F|  |TAMS 0x00000000c2d00000, 0x00000000c2d00000| Untracked 
|  18|0x00000000c2e00000, 0x00000000c2e00000, 0x00000000c2f00000|  0%| F|  |TAMS 0x00000000c2e00000, 0x00000000c2e00000| Untracked 
|  19|0x00000000c2f00000, 0x00000000c2f00000, 0x00000000c3000000|  0%| F|  |TAMS 0x00000000c2f00000, 0x00000000c2f00000| Untracked 
|  20|0x00000000c3000000, 0x00000000c3000000, 0x00000000c3100000|  0%| F|  |TAMS 0x00000000c3000000, 0x00000000c3000000| Untracked 
|  21|0x00000000c3100000, 0x00000000c3100000, 0x00000000c3200000|  0%| F|  |TAMS 0x00000000c3100000, 0x00000000c3100000| Untracked 
|  22|0x00000000c3200000, 0x00000000c3200000, 0x00000000c3300000|  0%| F|  |TAMS 0x00000000c3200000, 0x00000000c3200000| Untracked 
|  23|0x00000000c3300000, 0x00000000c3300000, 0x00000000c3400000|  0%| F|  |TAMS 0x00000000c3300000, 0x00000000c3300000| Untracked 
|  24|0x00000000c3400000, 0x00000000c3400000, 0x00000000c3500000|  0%| F|  |TAMS 0x00000000c3400000, 0x00000000c3400000| Untracked 
|  25|0x00000000c3500000, 0x00000000c3500000, 0x00000000c3600000|  0%| F|  |TAMS 0x00000000c3500000, 0x00000000c3500000| Untracked 
|  26|0x00000000c3600000, 0x00000000c3600000, 0x00000000c3700000|  0%| F|  |TAMS 0x00000000c3600000, 0x00000000c3600000| Untracked 
|  27|0x00000000c3700000, 0x00000000c3700000, 0x00000000c3800000|  0%| F|  |TAMS 0x00000000c3700000, 0x00000000c3700000| Untracked 
|  28|0x00000000c3800000, 0x00000000c3800000, 0x00000000c3900000|  0%| F|  |TAMS 0x00000000c3800000, 0x00000000c3800000| Untracked 
|  29|0x00000000c3900000, 0x00000000c3900000, 0x00000000c3a00000|  0%| F|  |TAMS 0x00000000c3900000, 0x00000000c3900000| Untracked 
|  30|0x00000000c3a00000, 0x00000000c3a00000, 0x00000000c3b00000|  0%| F|  |TAMS 0x00000000c3a00000, 0x00000000c3a00000| Untracked 
|  31|0x00000000c3b00000, 0x00000000c3b00000, 0x00000000c3c00000|  0%| F|  |TAMS 0x00000000c3b00000, 0x00000000c3b00000| Untracked 
|  32|0x00000000c3c00000, 0x00000000c3c00000, 0x00000000c3d00000|  0%| F|  |TAMS 0x00000000c3c00000, 0x00000000c3c00000| Untracked 
|  33|0x00000000c3d00000, 0x00000000c3d00000, 0x00000000c3e00000|  0%| F|  |TAMS 0x00000000c3d00000, 0x00000000c3d00000| Untracked 
|  34|0x00000000c3e00000, 0x00000000c3e00000, 0x00000000c3f00000|  0%| F|  |TAMS 0x00000000c3e00000, 0x00000000c3e00000| Untracked 
|  35|0x00000000c3f00000, 0x00000000c3f00000, 0x00000000c4000000|  0%| F|  |TAMS 0x00000000c3f00000, 0x00000000c3f00000| Untracked 
|  36|0x00000000c4000000, 0x00000000c4000000, 0x00000000c4100000|  0%| F|  |TAMS 0x00000000c4000000, 0x00000000c4000000| Untracked 
|  37|0x00000000c4100000, 0x00000000c4100000, 0x00000000c4200000|  0%| F|  |TAMS 0x00000000c4100000, 0x00000000c4100000| Untracked 
|  38|0x00000000c4200000, 0x00000000c4200000, 0x00000000c4300000|  0%| F|  |TAMS 0x00000000c4200000, 0x00000000c4200000| Untracked 
|  39|0x00000000c4300000, 0x00000000c4300000, 0x00000000c4400000|  0%| F|  |TAMS 0x00000000c4300000, 0x00000000c4300000| Untracked 
|  40|0x00000000c4400000, 0x00000000c4400000, 0x00000000c4500000|  0%| F|  |TAMS 0x00000000c4400000, 0x00000000c4400000| Untracked 
|  41|0x00000000c4500000, 0x00000000c4500000, 0x00000000c4600000|  0%| F|  |TAMS 0x00000000c4500000, 0x00000000c4500000| Untracked 
|  42|0x00000000c4600000, 0x00000000c4600000, 0x00000000c4700000|  0%| F|  |TAMS 0x00000000c4600000, 0x00000000c4600000| Untracked 
|  43|0x00000000c4700000, 0x00000000c4700000, 0x00000000c4800000|  0%| F|  |TAMS 0x00000000c4700000, 0x00000000c4700000| Untracked 
|  44|0x00000000c4800000, 0x00000000c4800000, 0x00000000c4900000|  0%| F|  |TAMS 0x00000000c4800000, 0x00000000c4800000| Untracked 
|  45|0x00000000c4900000, 0x00000000c4900000, 0x00000000c4a00000|  0%| F|  |TAMS 0x00000000c4900000, 0x00000000c4900000| Untracked 
|  46|0x00000000c4a00000, 0x00000000c4a00000, 0x00000000c4b00000|  0%| F|  |TAMS 0x00000000c4a00000, 0x00000000c4a00000| Untracked 
|  47|0x00000000c4b00000, 0x00000000c4b00000, 0x00000000c4c00000|  0%| F|  |TAMS 0x00000000c4b00000, 0x00000000c4b00000| Untracked 
|  48|0x00000000c4c00000, 0x00000000c4c00000, 0x00000000c4d00000|  0%| F|  |TAMS 0x00000000c4c00000, 0x00000000c4c00000| Untracked 
|  49|0x00000000c4d00000, 0x00000000c4d00000, 0x00000000c4e00000|  0%| F|  |TAMS 0x00000000c4d00000, 0x00000000c4d00000| Untracked 
|  50|0x00000000c4e00000, 0x00000000c4e00000, 0x00000000c4f00000|  0%| F|  |TAMS 0x00000000c4e00000, 0x00000000c4e00000| Untracked 
|  51|0x00000000c4f00000, 0x00000000c4f00000, 0x00000000c5000000|  0%| F|  |TAMS 0x00000000c4f00000, 0x00000000c4f00000| Untracked 
|  52|0x00000000c5000000, 0x00000000c5000000, 0x00000000c5100000|  0%| F|  |TAMS 0x00000000c5000000, 0x00000000c5000000| Untracked 
|  53|0x00000000c5100000, 0x00000000c5100000, 0x00000000c5200000|  0%| F|  |TAMS 0x00000000c5100000, 0x00000000c5100000| Untracked 
|  54|0x00000000c5200000, 0x00000000c5200000, 0x00000000c5300000|  0%| F|  |TAMS 0x00000000c5200000, 0x00000000c5200000| Untracked 
|  55|0x00000000c5300000, 0x00000000c5300000, 0x00000000c5400000|  0%| F|  |TAMS 0x00000000c5300000, 0x00000000c5300000| Untracked 
|  56|0x00000000c5400000, 0x00000000c5400000, 0x00000000c5500000|  0%| F|  |TAMS 0x00000000c5400000, 0x00000000c5400000| Untracked 
|  57|0x00000000c5500000, 0x00000000c5600000, 0x00000000c5600000|100%| S|CS|TAMS 0x00000000c5500000, 0x00000000c5500000| Complete 
|  58|0x00000000c5600000, 0x00000000c5600000, 0x00000000c5700000|  0%| F|  |TAMS 0x00000000c5600000, 0x00000000c5600000| Untracked 
|  59|0x00000000c5700000, 0x00000000c5700000, 0x00000000c5800000|  0%| F|  |TAMS 0x00000000c5700000, 0x00000000c5700000| Untracked 
|  60|0x00000000c5800000, 0x00000000c5900000, 0x00000000c5900000|100%| E|  |TAMS 0x00000000c5800000, 0x00000000c5800000| Complete 
|  61|0x00000000c5900000, 0x00000000c5a00000, 0x00000000c5a00000|100%| E|CS|TAMS 0x00000000c5900000, 0x00000000c5900000| Complete 
|  62|0x00000000c5a00000, 0x00000000c5b00000, 0x00000000c5b00000|100%| E|CS|TAMS 0x00000000c5a00000, 0x00000000c5a00000| Complete 
|  63|0x00000000c5b00000, 0x00000000c5c00000, 0x00000000c5c00000|100%| E|CS|TAMS 0x00000000c5b00000, 0x00000000c5b00000| Complete 

Card table byte_map: [0x000001edf3a60000,0x000001edf3c60000] _byte_map_base: 0x000001edf3452000

Marking Bits (Prev, Next): (CMBitMap*) 0x000001ede1313d40, (CMBitMap*) 0x000001ede1313d80
 Prev Bits: [0x000001edf3e60000, 0x000001edf4df0000)
 Next Bits: [0x000001edf4df0000, 0x000001edf5d80000)

Polling page: 0x000001eddf120000

Metaspace:

Usage:
  Non-class:     12.25 MB used.
      Class:      1.36 MB used.
       Both:     13.61 MB used.

Virtual space:
  Non-class space:       64.00 MB reserved,      12.38 MB ( 19%) committed,  1 nodes.
      Class space:        1.00 GB reserved,       1.44 MB ( <1%) committed,  1 nodes.
             Both:        1.06 GB reserved,      13.81 MB (  1%) committed. 

Chunk freelists:
   Non-Class:  2.78 MB
       Class:  14.60 MB
        Both:  17.38 MB

MaxMetaspaceSize: unlimited
CompressedClassSpaceSize: 1.00 GB
Initial GC threshold: 21.00 MB
Current GC threshold: 21.00 MB
CDS: off
MetaspaceReclaimPolicy: balanced
 - commit_granule_bytes: 65536.
 - commit_granule_words: 8192.
 - virtual_space_node_default_size: 8388608.
 - enlarge_chunks_in_place: 1.
 - new_chunks_are_fully_committed: 0.
 - uncommit_free_chunks: 1.
 - use_allocation_guard: 0.
 - handle_deallocations: 1.


Internal statistics:

num_allocs_failed_limit: 0.
num_arena_births: 112.
num_arena_deaths: 0.
num_vsnodes_births: 2.
num_vsnodes_deaths: 0.
num_space_committed: 221.
num_space_uncommitted: 0.
num_chunks_returned_to_freelist: 0.
num_chunks_taken_from_freelist: 216.
num_chunk_merges: 0.
num_chunk_splits: 127.
num_chunks_enlarged: 81.
num_inconsistent_stats: 0.

CodeHeap 'non-profiled nmethods': size=120064Kb used=248Kb max_used=248Kb free=119815Kb
 bounds [0x000001edec520000, 0x000001edec790000, 0x000001edf3a60000]
CodeHeap 'profiled nmethods': size=120000Kb used=1368Kb max_used=1368Kb free=118631Kb
 bounds [0x000001ede4a60000, 0x000001ede4cd0000, 0x000001edebf90000]
CodeHeap 'non-nmethods': size=5696Kb used=1169Kb max_used=1183Kb free=4526Kb
 bounds [0x000001edebf90000, 0x000001edec200000, 0x000001edec520000]
 total_blobs=1322 nmethods=857 adapters=379
 compilation: enabled
              stopped_count=0, restarted_count=0
 full_count=0

Compilation events (20 events):
Event: 11.642 Thread 0x000001edf8052170  846   !   4       java.util.concurrent.ConcurrentHashMap::putVal (432 bytes)
Event: 11.651 Thread 0x000001edf808c400  849       3       java.lang.invoke.MethodHandleNatives::refKindIsMethod (19 bytes)
Event: 11.651 Thread 0x000001edf808c400 nmethod 849 0x000001ede4bb0310 code [0x000001ede4bb04c0, 0x000001ede4bb0718]
Event: 11.653 Thread 0x000001edf808c400  850       3       java.lang.Module::isNamed (13 bytes)
Event: 11.653 Thread 0x000001edf808c400 nmethod 850 0x000001ede4bb0810 code [0x000001ede4bb09a0, 0x000001ede4bb0b18]
Event: 11.658 Thread 0x000001edf808c400  853       3       java.lang.invoke.MethodHandles$Lookup::in (283 bytes)
Event: 11.660 Thread 0x000001edf808c400 nmethod 853 0x000001ede4bb0b90 code [0x000001ede4bb0fc0, 0x000001ede4bb2a88]
Event: 11.662 Thread 0x000001edf808c400  855       3       java.lang.invoke.MethodType::basicType (8 bytes)
Event: 11.662 Thread 0x000001edf808c400 nmethod 855 0x000001ede4bb3310 code [0x000001ede4bb34a0, 0x000001ede4bb35d8]
Event: 11.663 Thread 0x000001edf808c400  856       3       jdk.internal.org.objectweb.asm.MethodWriter::visitCode (1 bytes)
Event: 11.663 Thread 0x000001edf808c400 nmethod 856 0x000001ede4bb3690 code [0x000001ede4bb3820, 0x000001ede4bb3938]
Event: 11.664 Thread 0x000001edf808c400  857       3       java.util.Arrays::copyOf (10 bytes)
Event: 11.664 Thread 0x000001edf808c400 nmethod 857 0x000001ede4bb3a10 code [0x000001ede4bb3bc0, 0x000001ede4bb3d08]
Event: 11.665 Thread 0x000001edf808c400  858       3       jdk.internal.org.objectweb.asm.SymbolTable::addTypeInternal (85 bytes)
Event: 11.665 Thread 0x000001edf808c400 nmethod 858 0x000001ede4bb3e10 code [0x000001ede4bb3fe0, 0x000001ede4bb45f8]
Event: 11.665 Thread 0x000001edf808c400  859       3       jdk.internal.org.objectweb.asm.Frame::setLocal (65 bytes)
Event: 11.665 Thread 0x000001edf808c400 nmethod 859 0x000001ede4bb4790 code [0x000001ede4bb4960, 0x000001ede4bb4e88]
Event: 11.665 Thread 0x000001edf808c400  860       3       jdk.internal.org.objectweb.asm.MethodWriter::visitFieldInsn (258 bytes)
Event: 11.666 Thread 0x000001edf808c400 nmethod 860 0x000001ede4bb5010 code [0x000001ede4bb5280, 0x000001ede4bb5de8]
Event: 11.666 Thread 0x000001edf808c400  861   !   3       java.util.concurrent.ConcurrentHashMap::computeIfAbsent (576 bytes)

GC Heap History (2 events):
Event: 10.517 GC heap before
{Heap before GC invocations=0 (full 0):
 garbage-first heap   total 65536K, used 5120K [0x00000000c1c00000, 0x0000000100000000)
  region size 1024K, 6 young (6144K), 0 survivors (0K)
 Metaspace       used 11926K, committed 12096K, reserved 1114112K
  class space    used 1162K, committed 1280K, reserved 1048576K
}
Event: 10.842 GC heap after
{Heap after GC invocations=1 (full 0):
 garbage-first heap   total 65536K, used 1812K [0x00000000c1c00000, 0x0000000100000000)
  region size 1024K, 1 young (1024K), 1 survivors (1024K)
 Metaspace       used 11926K, committed 12096K, reserved 1114112K
  class space    used 1162K, committed 1280K, reserved 1048576K
}

Dll operation events (1 events):
Event: 0.057 Loaded shared library C:\Program Files\JetBrains\IntelliJ IDEA Community Edition 2023.3.3\jbr\bin\java.dll

Deoptimization events (10 events):
Event: 9.215 Thread 0x000001ede12d9770 DEOPT PACKING pc=0x000001ede4a769e7 sp=0x00000073f91fac90
Event: 9.216 Thread 0x000001ede12d9770 DEOPT UNPACKING pc=0x000001edebfe7124 sp=0x00000073f91fa0b0 mode 0
Event: 9.774 Thread 0x000001ede12d9770 DEOPT PACKING pc=0x000001ede4a769e7 sp=0x00000073f91fe420
Event: 9.774 Thread 0x000001ede12d9770 DEOPT UNPACKING pc=0x000001edebfe7124 sp=0x00000073f91fd840 mode 0
Event: 11.399 Thread 0x000001ede12d9770 Uncommon trap: trap_request=0xffffff45 fr.pc=0x000001edec537ad8 relative=0x0000000000000338
Event: 11.399 Thread 0x000001ede12d9770 Uncommon trap: reason=unstable_if action=reinterpret pc=0x000001edec537ad8 method=java.lang.StringLatin1.newString([BII)Ljava/lang/String; @ 1 c2
Event: 11.399 Thread 0x000001ede12d9770 DEOPT PACKING pc=0x000001edec537ad8 sp=0x00000073f91fe650
Event: 11.399 Thread 0x000001ede12d9770 DEOPT UNPACKING pc=0x000001edebfe699d sp=0x00000073f91fe618 mode 2
Event: 11.437 Thread 0x000001ede12d9770 DEOPT PACKING pc=0x000001ede4a75d51 sp=0x00000073f91faf10
Event: 11.437 Thread 0x000001ede12d9770 DEOPT UNPACKING pc=0x000001edebfe7124 sp=0x00000073f91fa388 mode 0

Classes unloaded (0 events):
No events

Classes redefined (0 events):
No events

Internal exceptions (20 events):
Event: 1.731 Thread 0x000001ede12d9770 Exception <a 'java/lang/NoSuchMethodError'{0x00000000c59d9ff8}: 'int java.lang.invoke.DirectMethodHandle$Holder.invokeStaticInit(java.lang.Object, java.lang.Object, java.lang.Object, java.lang.Object)'> (0x00000000c59d9ff8) 
thrown [s\src\hotspot\share\interpreter\linkResolver.cpp, line 771]
Event: 1.744 Thread 0x000001ede12d9770 Exception <a 'java/lang/NoSuchMethodError'{0x00000000c59e4ea8}: 'java.lang.Object java.lang.invoke.DirectMethodHandle$Holder.invokeInterface(java.lang.Object, java.lang.Object)'> (0x00000000c59e4ea8) 
thrown [s\src\hotspot\share\interpreter\linkResolver.cpp, line 771]
Event: 1.744 Thread 0x000001ede12d9770 Exception <a 'java/lang/IncompatibleClassChangeError'{0x00000000c59e87c8}: Found class java.lang.Object, but interface was expected> (0x00000000c59e87c8) 
thrown [s\src\hotspot\share\interpreter\linkResolver.cpp, line 838]
Event: 1.745 Thread 0x000001ede12d9770 Exception <a 'java/lang/NoSuchMethodError'{0x00000000c59ebb78}: 'void java.lang.invoke.DirectMethodHandle$Holder.invokeStatic(java.lang.Object, java.lang.Object)'> (0x00000000c59ebb78) 
thrown [s\src\hotspot\share\interpreter\linkResolver.cpp, line 771]
Event: 1.746 Thread 0x000001ede12d9770 Exception <a 'java/lang/NoSuchMethodError'{0x00000000c59ef490}: 'void java.lang.invoke.DirectMethodHandle$Holder.invokeStaticInit(java.lang.Object, java.lang.Object)'> (0x00000000c59ef490) 
thrown [s\src\hotspot\share\interpreter\linkResolver.cpp, line 771]
Event: 1.752 Thread 0x000001ede12d9770 Exception <a 'java/lang/NoSuchMethodError'{0x00000000c59f7608}: 'int java.lang.invoke.DirectMethodHandle$Holder.invokeStaticInit(java.lang.Object, java.lang.Object)'> (0x00000000c59f7608) 
thrown [s\src\hotspot\share\interpreter\linkResolver.cpp, line 771]
Event: 2.200 Thread 0x000001ede12d9770 Exception <a 'java/lang/NoSuchMethodError'{0x00000000c58dda50}: 'java.lang.Object java.lang.invoke.DirectMethodHandle$Holder.invokeStaticInit(java.lang.Object, int, int, int, int)'> (0x00000000c58dda50) 
thrown [s\src\hotspot\share\interpreter\linkResolver.cpp, line 771]
Event: 8.920 Thread 0x000001ede12d9770 Exception <a 'java/lang/NoSuchMethodError'{0x00000000c5784500}: 'java.lang.Object java.lang.invoke.DirectMethodHandle$Holder.invokeStaticInit(java.lang.Object, java.lang.Object, int, int, int, int)'> (0x00000000c5784500) 
thrown [s\src\hotspot\share\interpreter\linkResolver.cpp, line 771]
Event: 9.288 Thread 0x000001ede12d9770 Exception <a 'java/lang/NoSuchMethodError'{0x00000000c57ed810}: 'java.lang.Object java.lang.invoke.DirectMethodHandle$Holder.invokeStatic(java.lang.Object, java.lang.Object, int)'> (0x00000000c57ed810) 
thrown [s\src\hotspot\share\interpreter\linkResolver.cpp, line 771]
Event: 9.289 Thread 0x000001ede12d9770 Exception <a 'java/lang/NoSuchMethodError'{0x00000000c57f0f88}: 'java.lang.Object java.lang.invoke.DirectMethodHandle$Holder.invokeStaticInit(java.lang.Object, java.lang.Object, int)'> (0x00000000c57f0f88) 
thrown [s\src\hotspot\share\interpreter\linkResolver.cpp, line 771]
Event: 9.291 Thread 0x000001ede12d9770 Exception <a 'java/lang/NoSuchMethodError'{0x00000000c57f7338}: 'java.lang.Object java.lang.invoke.DirectMethodHandle$Holder.newInvokeSpecial(java.lang.Object, java.lang.Object, int)'> (0x00000000c57f7338) 
thrown [s\src\hotspot\share\interpreter\linkResolver.cpp, line 771]
Event: 9.321 Thread 0x000001ede12d9770 Exception <a 'java/lang/NoSuchMethodError'{0x00000000c5607100}: 'int java.lang.invoke.DirectMethodHandle$Holder.invokeStaticInit(java.lang.Object, java.lang.Object, java.lang.Object)'> (0x00000000c5607100) 
thrown [s\src\hotspot\share\interpreter\linkResolver.cpp, line 771]
Event: 9.443 Thread 0x000001ede12d9770 Exception <a 'java/lang/NoSuchMethodError'{0x00000000c5617558}: 'int java.lang.invoke.DirectMethodHandle$Holder.invokeSpecial(java.lang.Object, java.lang.Object, java.lang.Object)'> (0x00000000c5617558) 
thrown [s\src\hotspot\share\interpreter\linkResolver.cpp, line 771]
Event: 9.470 Thread 0x000001ede12d9770 Exception <a 'java/lang/NoSuchMethodError'{0x00000000c561fb88}: 'int java.lang.invoke.DirectMethodHandle$Holder.invokeSpecialIFC(java.lang.Object, java.lang.Object, java.lang.Object)'> (0x00000000c561fb88) 
thrown [s\src\hotspot\share\interpreter\linkResolver.cpp, line 771]
Event: 9.808 Thread 0x000001ede12d9770 Exception <a 'java/lang/NoSuchMethodError'{0x00000000c56ac9f0}: 'java.lang.Object java.lang.invoke.DirectMethodHandle$Holder.invokeStaticInit(java.lang.Object)'> (0x00000000c56ac9f0) 
thrown [s\src\hotspot\share\interpreter\linkResolver.cpp, line 771]
Event: 11.452 Thread 0x000001ede12d9770 Exception <a 'java/lang/NoSuchMethodError'{0x00000000c5a10c20}: 'java.lang.Object java.lang.invoke.DirectMethodHandle$Holder.newInvokeSpecial(java.lang.Object, java.lang.Object, java.lang.Object, java.lang.Object, java.lang.Object)'> (0x00000000c5a10c20) 
thrown [s\src\hotspot\share\interpreter\linkResolver.cpp, line 771]
Event: 11.582 Thread 0x000001ede12d9770 Exception <a 'java/lang/NoSuchMethodError'{0x00000000c59b52b8}: 'java.lang.Object java.lang.invoke.DirectMethodHandle$Holder.invokeSpecial(java.lang.Object, java.lang.Object, java.lang.Object, java.lang.Object, int)'> (0x00000000c59b52b8) 
thrown [s\src\hotspot\share\interpreter\linkResolver.cpp, line 771]
Event: 11.583 Thread 0x000001ede12d9770 Exception <a 'java/lang/NoSuchMethodError'{0x00000000c59b8e80}: 'java.lang.Object java.lang.invoke.Invokers$Holder.linkToTargetMethod(java.lang.Object, java.lang.Object, int, java.lang.Object)'> (0x00000000c59b8e80) 
thrown [s\src\hotspot\share\interpreter\linkResolver.cpp, line 771]
Event: 11.615 Thread 0x000001ede12d9770 Exception <a 'java/lang/NoSuchMethodError'{0x00000000c5819a98}: 'void java.lang.invoke.DirectMethodHandle$Holder.invokeSpecial(java.lang.Object, java.lang.Object, java.lang.Object)'> (0x00000000c5819a98) 
thrown [s\src\hotspot\share\interpreter\linkResolver.cpp, line 771]
Event: 11.661 Thread 0x000001edf86af1c0 Exception <a 'java/lang/NoSuchMethodError'{0x00000000c589aad8}: 'void java.lang.invoke.DirectMethodHandle$Holder.invokeStatic(java.lang.Object, java.lang.Object, int)'> (0x00000000c589aad8) 
thrown [s\src\hotspot\share\interpreter\linkResolver.cpp, line 771]

VM Operations (16 events):
Event: 1.147 Executing VM operation: HandshakeAllThreads
Event: 1.147 Executing VM operation: HandshakeAllThreads done
Event: 1.193 Executing VM operation: HandshakeAllThreads
Event: 1.193 Executing VM operation: HandshakeAllThreads done
Event: 2.206 Executing VM operation: Cleanup
Event: 2.209 Executing VM operation: Cleanup done
Event: 2.340 Executing VM operation: HandshakeAllThreads
Event: 2.340 Executing VM operation: HandshakeAllThreads done
Event: 3.356 Executing VM operation: Cleanup
Event: 3.356 Executing VM operation: Cleanup done
Event: 9.400 Executing VM operation: Cleanup
Event: 9.440 Executing VM operation: Cleanup done
Event: 9.841 Executing VM operation: HandshakeAllThreads
Event: 9.841 Executing VM operation: HandshakeAllThreads done
Event: 10.516 Executing VM operation: G1CollectForAllocation
Event: 10.842 Executing VM operation: G1CollectForAllocation done

Events (20 events):
Event: 11.634 loading class java/time/Clock
Event: 11.635 loading class java/time/InstantSource
Event: 11.635 loading class java/time/InstantSource done
Event: 11.635 loading class java/time/Clock done
Event: 11.635 loading class java/time/Instant$1
Event: 11.635 loading class java/time/Instant$1 done
Event: 11.636 loading class sun/net/NetHooks
Event: 11.636 loading class sun/net/NetHooks done
Event: 11.650 loading class java/util/concurrent/CompletableFuture$UniHandle
Event: 11.650 loading class java/util/concurrent/CompletableFuture$UniHandle done
Event: 11.653 loading class sun/nio/ch/SelectionKeyImpl
Event: 11.653 loading class java/nio/channels/spi/AbstractSelectionKey
Event: 11.653 loading class java/nio/channels/SelectionKey
Event: 11.653 loading class java/nio/channels/SelectionKey done
Event: 11.653 loading class java/nio/channels/spi/AbstractSelectionKey done
Event: 11.653 loading class sun/nio/ch/SelectionKeyImpl done
Event: 11.653 loading class java/lang/invoke/ConstantBootstraps
Event: 11.656 loading class java/lang/invoke/ConstantBootstraps done
Event: 11.664 loading class java/util/concurrent/ThreadPoolExecutor$Worker
Event: 11.664 loading class java/util/concurrent/ThreadPoolExecutor$Worker done


Dynamic libraries:
0x00007ff6056b0000 - 0x00007ff6056ba000 	C:\Program Files\JetBrains\IntelliJ IDEA Community Edition 2023.3.3\jbr\bin\java.exe
0x00007ff93d630000 - 0x00007ff93d828000 	C:\Windows\SYSTEM32\ntdll.dll
0x00007ff93cea0000 - 0x00007ff93cf5d000 	C:\Windows\System32\KERNEL32.DLL
0x00007ff93b310000 - 0x00007ff93b606000 	C:\Windows\System32\KERNELBASE.dll
0x00007ff93af70000 - 0x00007ff93b070000 	C:\Windows\System32\ucrtbase.dll
0x00007ff924120000 - 0x00007ff924137000 	C:\Program Files\JetBrains\IntelliJ IDEA Community Edition 2023.3.3\jbr\bin\jli.dll
0x00007ff93b750000 - 0x00007ff93b8ee000 	C:\Windows\System32\USER32.dll
0x00007ff93b610000 - 0x00007ff93b632000 	C:\Windows\System32\win32u.dll
0x00007ff93bc70000 - 0x00007ff93bc9c000 	C:\Windows\System32\GDI32.dll
0x00007ff93b150000 - 0x00007ff93b26a000 	C:\Windows\System32\gdi32full.dll
0x00007ff93b270000 - 0x00007ff93b30d000 	C:\Windows\System32\msvcp_win.dll
0x00007ff92c390000 - 0x00007ff92c3ab000 	C:\Program Files\JetBrains\IntelliJ IDEA Community Edition 2023.3.3\jbr\bin\VCRUNTIME140.dll
0x00007ff92ed70000 - 0x00007ff92f00a000 	C:\Windows\WinSxS\amd64_microsoft.windows.common-controls_6595b64144ccf1df_6.0.19041.3636_none_60b6a03d71f818d5\COMCTL32.dll
0x00007ff93bd80000 - 0x00007ff93be1e000 	C:\Windows\System32\msvcrt.dll
0x00007ff93cf70000 - 0x00007ff93cfa0000 	C:\Windows\System32\IMM32.DLL
0x00007ff936410000 - 0x00007ff93641c000 	C:\Program Files\JetBrains\IntelliJ IDEA Community Edition 2023.3.3\jbr\bin\vcruntime140_1.dll
0x00007ff915510000 - 0x00007ff91559d000 	C:\Program Files\JetBrains\IntelliJ IDEA Community Edition 2023.3.3\jbr\bin\msvcp140.dll
0x00007ff900f20000 - 0x00007ff901ba2000 	C:\Program Files\JetBrains\IntelliJ IDEA Community Edition 2023.3.3\jbr\bin\server\jvm.dll
0x00007ff93cdf0000 - 0x00007ff93ce9f000 	C:\Windows\System32\ADVAPI32.dll
0x00007ff93ba20000 - 0x00007ff93babc000 	C:\Windows\System32\sechost.dll
0x00007ff93be20000 - 0x00007ff93bf46000 	C:\Windows\System32\RPCRT4.dll
0x00007ff93ab70000 - 0x00007ff93abbb000 	C:\Windows\SYSTEM32\POWRPROF.dll
0x00007ff925090000 - 0x00007ff925099000 	C:\Windows\SYSTEM32\WSOCK32.dll
0x00007ff93c710000 - 0x00007ff93c77b000 	C:\Windows\System32\WS2_32.dll
0x00007ff924fb0000 - 0x00007ff924fd7000 	C:\Windows\SYSTEM32\WINMM.dll
0x00007ff930260000 - 0x00007ff93026a000 	C:\Windows\SYSTEM32\VERSION.dll
0x00007ff93ab50000 - 0x00007ff93ab62000 	C:\Windows\SYSTEM32\UMPDC.dll
0x00007ff938bf0000 - 0x00007ff938c02000 	C:\Windows\SYSTEM32\kernel.appcore.dll
0x00007ff936a70000 - 0x00007ff936a7a000 	C:\Program Files\JetBrains\IntelliJ IDEA Community Edition 2023.3.3\jbr\bin\jimage.dll
0x00007ff92a790000 - 0x00007ff92a974000 	C:\Windows\SYSTEM32\DBGHELP.DLL
0x00007ff92a750000 - 0x00007ff92a784000 	C:\Windows\SYSTEM32\dbgcore.DLL
0x00007ff93ad80000 - 0x00007ff93ae02000 	C:\Windows\System32\bcryptPrimitives.dll
0x00007ff92bc00000 - 0x00007ff92bc25000 	C:\Program Files\JetBrains\IntelliJ IDEA Community Edition 2023.3.3\jbr\bin\java.dll
0x00007ff92d5c0000 - 0x00007ff92d5d8000 	C:\Program Files\JetBrains\IntelliJ IDEA Community Edition 2023.3.3\jbr\bin\zip.dll
0x00007ff93bf60000 - 0x00007ff93c6a4000 	C:\Windows\System32\SHELL32.dll
0x00007ff938df0000 - 0x00007ff93958b000 	C:\Windows\SYSTEM32\windows.storage.dll
0x00007ff93d160000 - 0x00007ff93d4b4000 	C:\Windows\System32\combase.dll
0x00007ff93a680000 - 0x00007ff93a6ad000 	C:\Windows\SYSTEM32\Wldp.dll
0x00007ff93cfa0000 - 0x00007ff93d04d000 	C:\Windows\System32\SHCORE.dll
0x00007ff93b6f0000 - 0x00007ff93b745000 	C:\Windows\System32\shlwapi.dll
0x00007ff93ac40000 - 0x00007ff93ac65000 	C:\Windows\SYSTEM32\profapi.dll
0x00007ff92c830000 - 0x00007ff92c849000 	C:\Program Files\JetBrains\IntelliJ IDEA Community Edition 2023.3.3\jbr\bin\net.dll
0x00007ff936280000 - 0x00007ff93638a000 	C:\Windows\SYSTEM32\WINHTTP.dll
0x00007ff93a3e0000 - 0x00007ff93a44a000 	C:\Windows\system32\mswsock.dll
0x00007ff927100000 - 0x00007ff927116000 	C:\Program Files\JetBrains\IntelliJ IDEA Community Edition 2023.3.3\jbr\bin\nio.dll
0x00007ff92d3b0000 - 0x00007ff92d3be000 	C:\Program Files\JetBrains\IntelliJ IDEA Community Edition 2023.3.3\jbr\bin\sunmscapi.dll
0x00007ff93ae10000 - 0x00007ff93af6d000 	C:\Windows\System32\CRYPT32.dll
0x00007ff93a6f0000 - 0x00007ff93a717000 	C:\Windows\SYSTEM32\ncrypt.dll
0x00007ff93a6b0000 - 0x00007ff93a6eb000 	C:\Windows\SYSTEM32\NTASN1.dll
0x00007ff93a5d0000 - 0x00007ff93a5e8000 	C:\Windows\SYSTEM32\CRYPTSP.dll
0x00007ff939d10000 - 0x00007ff939d44000 	C:\Windows\system32\rsaenh.dll
0x00007ff93b070000 - 0x00007ff93b097000 	C:\Windows\System32\bcrypt.dll
0x00007ff93abc0000 - 0x00007ff93abee000 	C:\Windows\SYSTEM32\USERENV.dll
0x00007ff93a5f0000 - 0x00007ff93a5fc000 	C:\Windows\SYSTEM32\CRYPTBASE.dll
0x00007ff93a0d0000 - 0x00007ff93a10b000 	C:\Windows\SYSTEM32\IPHLPAPI.DLL
0x00007ff93cf60000 - 0x00007ff93cf68000 	C:\Windows\System32\NSI.dll
0x00007ff931eb0000 - 0x00007ff931ec7000 	C:\Windows\SYSTEM32\dhcpcsvc6.DLL
0x00007ff931e90000 - 0x00007ff931ead000 	C:\Windows\SYSTEM32\dhcpcsvc.DLL
0x00007ff93a110000 - 0x00007ff93a1da000 	C:\Windows\SYSTEM32\DNSAPI.dll
0x00007ff92cb80000 - 0x00007ff92cb87000 	C:\Windows\system32\wshunix.dll

dbghelp: loaded successfully - version: 4.0.5 - missing functions: none
symbol engine: initialized successfully - sym options: 0x614 - pdb path: .;C:\Program Files\JetBrains\IntelliJ IDEA Community Edition 2023.3.3\jbr\bin;C:\Windows\SYSTEM32;C:\Windows\WinSxS\amd64_microsoft.windows.common-controls_6595b64144ccf1df_6.0.19041.3636_none_60b6a03d71f818d5;C:\Program Files\JetBrains\IntelliJ IDEA Community Edition 2023.3.3\jbr\bin\server

VM Arguments:
java_command: git4idea.http.GitAskPassApp Username for 'https://github.com': 
java_class_path (initial): C:/Program Files/JetBrains/IntelliJ IDEA Community Edition 2023.3.3/plugins/vcs-git/lib/git4idea-rt.jar;C:/Program Files/JetBrains/IntelliJ IDEA Community Edition 2023.3.3/lib/externalProcess-rt.jar
Launcher Type: SUN_STANDARD

[Global flags]
     intx CICompilerCount                          = 2                                         {product} {ergonomic}
     uint ConcGCThreads                            = 1                                         {product} {ergonomic}
     uint G1ConcRefinementThreads                  = 2                                         {product} {ergonomic}
   size_t G1HeapRegionSize                         = 1048576                                   {product} {ergonomic}
    uintx GCDrainStackTargetSize                   = 64                                        {product} {ergonomic}
   size_t InitialHeapSize                          = 67108864                                  {product} {ergonomic}
   size_t MarkStackSize                            = 4194304                                   {product} {ergonomic}
   size_t MaxHeapSize                              = 1044381696                                {product} {ergonomic}
   size_t MaxNewSize                               = 625999872                                 {product} {ergonomic}
   size_t MinHeapDeltaBytes                        = 1048576                                   {product} {ergonomic}
   size_t MinHeapSize                              = 8388608                                   {product} {ergonomic}
    uintx NonNMethodCodeHeapSize                   = 5826188                                {pd product} {ergonomic}
    uintx NonProfiledCodeHeapSize                  = 122916026                              {pd product} {ergonomic}
    uintx ProfiledCodeHeapSize                     = 122916026                              {pd product} {ergonomic}
    uintx ReservedCodeCacheSize                    = 251658240                              {pd product} {ergonomic}
     bool SegmentedCodeCache                       = true                                      {product} {ergonomic}
   size_t SoftMaxHeapSize                          = 1044381696                             {manageable} {ergonomic}
     bool UseCompressedClassPointers               = true                           {product lp64_product} {ergonomic}
     bool UseCompressedOops                        = true                           {product lp64_product} {ergonomic}
     bool UseG1GC                                  = true                                      {product} {ergonomic}
     bool UseLargePagesIndividualAllocation        = false                                  {pd product} {ergonomic}

Logging:
Log output configuration:
 #0: stdout all=warning uptime,level,tags
 #1: stderr all=off uptime,level,tags

Environment Variables:
PATH=C:\Program Files\Git\mingw64\libexec\git-core;C:\Program Files\Git\mingw64\libexec\git-core;C:\Program Files\Git\mingw64\bin;C:\Program Files\Git\usr\bin;C:\Users\user\bin;C:\Program Files\ImageMagick-7.1.1-Q16-HDRI;C:\Program Files (x86)\Razer Chroma SDK\bin;C:\Program Files\Razer Chroma SDK\bin;C:\Program Files (x86)\Razer\ChromaBroadcast\bin;C:\Program Files\Razer\ChromaBroadcast\bin;C:\Python311\Scripts;C:\Python311;C:\Program Files\Java\jdk-19\bin;C:\Windows\system32;C:\Windows;C:\Windows\System32\Wbem;C:\Windows\System32\WindowsPowerShell\v1.0;C:\Windows\System32\OpenSSH;C:\Program Files\nodejs;C:\ProgramData\chocolatey\bin;C:\Program Files\Git\cmd;C:\Windows\system32\config\systemprofile\AppData\Local\Microsoft\WindowsApps;C:\Users\user\AppData\Local\Microsoft\WindowsApps;C:\Program Files\JetBrains\IntelliJ IDEA Community Edition 2023.1\bin;C:\Program Files\JetBrains\PhpStorm 2023.1\bin;C:\Users\user\AppData\Local\Programs\Microsoft VS Code\bin;C:\Users\user\AppData\Roaming\npm;C:\Program Files\JetBrains\PyCharm Community Edition 2023.1.1\bin;C:\Program Files (x86)\Nmap;C:\apache-maven-3.9.3\bin;C:\Program Files (x86)\Bitvise SSH Client;C:\Python311\Scripts;C:\Python311;C:\Program Files\Java\jdk-17\bin;C:\Windows\system32;C:\Windows;C:\Windows\System32\Wbem;C:\Windows\System32\WindowsPowerShell\v1.0;C:\Windows\System32\OpenSSH;C:\Program Files\nodejs;C:\ProgramData\chocolatey\bin;C:\Program Files (x86)\Bitvise SSH Client;C:\Program Files\Git\cmd;C:\Users\user\AppData\Local\Microsoft\WindowsApps;C:\Program Files\JetBrains\IntelliJ IDEA Community Edition 2023.1\bin;C:\Program Files\JetBrains\PhpStorm 2023.1\bin;C:\Users\user\AppData\Local\Programs\Microsoft VS Code\bin;C:\Users\user\AppData\Roaming\npm;C:\Program Files\JetBrains\PyCharm Community Edition 2023.1.1\bin;C:\Program Files (x86)\Nmap;C:\apache-maven-3.9.3\bin;C:\Program Files\JetBrains\IntelliJ IDEA Community Edition 2023.3.3\bin
USERNAME=user
DISPLAY=:0.0
LC_ALL=en_US.UTF-8
TERM=xterm-256color
TMPDIR=C:\Users\user\AppData\Local\Temp
OS=Windows_NT
PROCESSOR_IDENTIFIER=Intel64 Family 6 Model 58 Stepping 9, GenuineIntel
TMP=C:\Users\user\AppData\Local\Temp
TEMP=C:\Users\user\AppData\Local\Temp



Periodic native trim disabled

JNI global refs:
JNI global refs: 18, weak refs: 0

JNI global refs memory usage: 843, weak refs: 209

OOME stack traces (most recent first):
Classloader memory used:
Loader bootstrap                                                                       : 1595K
Loader jdk.internal.loader.ClassLoaders$PlatformClassLoader                            : 144K
Loader jdk.internal.loader.ClassLoaders$AppClassLoader                                 : 1808B


---------------  S Y S T E M  ---------------

OS:
 Windows 10 , 64 bit Build 19041 (10.0.19041.3636)
OS uptime: 4 days 7:31 hours

CPU: total 2 (initial active 2) (2 cores per cpu, 1 threads per core) family 6 model 58 stepping 9 microcode 0x21, cx8, cmov, fxsr, mmx, sse, sse2, sse3, ssse3, sse4.1, sse4.2, popcnt, tsc, tscinvbit, erms, clmul, clflush
Processor Information for all 2 processors :
  Max Mhz: 2900, Current Mhz: 2900, Mhz Limit: 2900

Memory: 4k page, system-wide physical 3982M (131M free)
TotalPageFile size 16270M (AvailPageFile size 0M)
current process WorkingSet (physical memory assigned to process): 58M, peak: 58M
current process commit charge ("private bytes"): 139M, peak: 140M

vm_info: OpenJDK 64-Bit Server VM (17.0.9+7-b1087.11) for windows-amd64 JRE (17.0.9+7-b1087.11), built on 2024-01-05 by "builduser" with MS VC++ 16.10 / 16.11 (VS2019)

END.
